Determining if the pthread_create exist failed with the following output:
Change Dir: /opt/mudua/muduo/cmake-build-debug/CMakeFiles/CMakeTmp

Run Build Command:"/usr/bin/make" "cmTC_b96b1/fast"
/usr/bin/make -f CMakeFiles/cmTC_b96b1.dir/build.make CMakeFiles/cmTC_b96b1.dir/build
make[1]: Entering directory `/opt/mudua/muduo/cmake-build-debug/CMakeFiles/CMakeTmp'
Building C object CMakeFiles/cmTC_b96b1.dir/CheckSymbolExists.c.o
/usr/bin/cc     -o CMakeFiles/cmTC_b96b1.dir/CheckSymbolExists.c.o   -c /opt/mudua/muduo/cmake-build-debug/CMakeFiles/CMakeTmp/CheckSymbolExists.c
Linking C executable cmTC_b96b1
/opt/clion/bin/cmake/bin/cmake -E cmake_link_script CMakeFiles/cmTC_b96b1.dir/link.txt --verbose=1
/usr/bin/cc       CMakeFiles/cmTC_b96b1.dir/CheckSymbolExists.c.o  -o cmTC_b96b1 -rdynamic 
CMakeFiles/cmTC_b96b1.dir/CheckSymbolExists.c.o: In function `main':
CheckSymbolExists.c:(.text+0xc): undefined reference to `pthread_create'
collect2: ld returned 1 exit status
make[1]: *** [cmTC_b96b1] Error 1
make[1]: Leaving directory `/opt/mudua/muduo/cmake-build-debug/CMakeFiles/CMakeTmp'
make: *** [cmTC_b96b1/fast] Error 2

File /opt/mudua/muduo/cmake-build-debug/CMakeFiles/CMakeTmp/CheckSymbolExists.c:
/* */
#include <pthread.h>

int main(int argc, char** argv)
{
  (void)argv;
#ifndef pthread_create
  return ((int*)(&pthread_create))[argc];
#else
  (void)argc;
  return 0;
#endif
}

Determining if the function pthread_create exists in the pthreads failed with the following output:
Change Dir: /opt/mudua/muduo/cmake-build-debug/CMakeFiles/CMakeTmp

Run Build Command:"/usr/bin/make" "cmTC_1b029/fast"
/usr/bin/make -f CMakeFiles/cmTC_1b029.dir/build.make CMakeFiles/cmTC_1b029.dir/build
make[1]: Entering directory `/opt/mudua/muduo/cmake-build-debug/CMakeFiles/CMakeTmp'
Building C object CMakeFiles/cmTC_1b029.dir/CheckFunctionExists.c.o
/usr/bin/cc    -DCHECK_FUNCTION_EXISTS=pthread_create   -o CMakeFiles/cmTC_1b029.dir/CheckFunctionExists.c.o   -c /opt/clion/bin/cmake/share/cmake-3.6/Modules/CheckFunctionExists.c
Linking C executable cmTC_1b029
/opt/clion/bin/cmake/bin/cmake -E cmake_link_script CMakeFiles/cmTC_1b029.dir/link.txt --verbose=1
/usr/bin/cc   -DCHECK_FUNCTION_EXISTS=pthread_create    CMakeFiles/cmTC_1b029.dir/CheckFunctionExists.c.o  -o cmTC_1b029 -rdynamic -lpthreads 
/usr/bin/ld: cannot find -lpthreads
collect2: ld returned 1 exit status
make[1]: *** [cmTC_1b029] Error 1
make[1]: Leaving directory `/opt/mudua/muduo/cmake-build-debug/CMakeFiles/CMakeTmp'
make: *** [cmTC_1b029/fast] Error 2


